2023-02-22 19:17:55,380 INFO o.a.j.u.JMeterUtils: Setting Locale to en_EN
2023-02-22 19:17:55,396 INFO o.a.j.JMeter: Loading user properties from: user.properties
2023-02-22 19:17:55,396 INFO o.a.j.JMeter: Loading system properties from: system.properties
2023-02-22 19:17:55,412 INFO o.a.j.JMeter: Copyright (c) 1998-2022 The Apache Software Foundation
2023-02-22 19:17:55,412 INFO o.a.j.JMeter: Version 5.5
2023-02-22 19:17:55,412 INFO o.a.j.JMeter: java.version=1.8.0_202
2023-02-22 19:17:55,412 INFO o.a.j.JMeter: java.vm.name=Java HotSpot(TM) 64-Bit Server VM
2023-02-22 19:17:55,412 INFO o.a.j.JMeter: os.name=Windows 10
2023-02-22 19:17:55,412 INFO o.a.j.JMeter: os.arch=amd64
2023-02-22 19:17:55,412 INFO o.a.j.JMeter: os.version=10.0
2023-02-22 19:17:55,412 INFO o.a.j.JMeter: file.encoding=Cp1252
2023-02-22 19:17:55,412 INFO o.a.j.JMeter: java.awt.headless=null
2023-02-22 19:17:55,412 INFO o.a.j.JMeter: Max memory     =1073741824
2023-02-22 19:17:55,412 INFO o.a.j.JMeter: Available Processors =4
2023-02-22 19:17:55,412 INFO o.a.j.JMeter: Default Locale=English (EN)
2023-02-22 19:17:55,412 INFO o.a.j.JMeter: JMeter  Locale=English (EN)
2023-02-22 19:17:55,412 INFO o.a.j.JMeter: JMeterHome=C:\Users\pooja\Downloads\apache-jmeter-5.5\apache-jmeter-5.5
2023-02-22 19:17:55,412 INFO o.a.j.JMeter: user.dir  =C:\Users\pooja\Downloads\apache-jmeter-5.5\apache-jmeter-5.5\bin
2023-02-22 19:17:55,412 INFO o.a.j.JMeter: PWD       =C:\Users\pooja\Downloads\apache-jmeter-5.5\apache-jmeter-5.5\bin
2023-02-22 19:17:55,412 INFO o.a.j.JMeter: IP: 192.168.43.25 Name: LAPTOP-HO82ILSL FullName: LAPTOP-HO82ILSL
2023-02-22 19:17:55,428 INFO o.a.j.JMeter: Loaded icon properties from org/apache/jmeter/images/icon.properties
2023-02-22 19:17:55,633 INFO o.a.j.JMeterGuiLauncher: Setting LAF to: laf:com.sun.java.swing.plaf.windows.WindowsLookAndFeel
2023-02-22 19:17:57,305 INFO o.j.r.JARSourceHTTP: Requesting https://jmeter-plugins.org/repo/?installID=windows_10-3791cbbb7fecb02d847338e3eec443c5-gui
2023-02-22 19:18:01,849 INFO o.j.r.PluginManager: Plugins Status: [jpgc-casutg=2.10, jpgc-plugins-manager=1.8, jmeter-core=5.5, jmeter-ftp=5.5, jmeter-http=5.5, jmeter-jdbc=5.5, jmeter-jms=5.5, jmeter-junit=5.5, jmeter-java=5.5, jmeter-ldap=5.5, jmeter-mail=5.5, jmeter-mongodb=5.5, jmeter-native=5.5, jmeter-tcp=5.5, jmeter-components=5.5]
2023-02-22 19:28:59,055 INFO o.a.j.s.FileServer: Default base='C:\Users\pooja\Downloads\apache-jmeter-5.5\apache-jmeter-5.5\bin'
2023-02-22 19:28:59,104 INFO o.a.j.g.a.Load: Loading file: C:\Users\pooja\Downloads\apache-jmeter-5.5\apache-jmeter-5.5\bin\api.jmx
2023-02-22 19:28:59,104 INFO o.a.j.s.FileServer: Set new base='C:\Users\pooja\Downloads\apache-jmeter-5.5\apache-jmeter-5.5\bin'
2023-02-22 19:29:01,366 INFO o.a.j.s.SaveService: Testplan (JMX) version: 2.2. Testlog (JTL) version: 2.2
2023-02-22 19:29:01,442 INFO o.a.j.s.SaveService: Using SaveService properties file encoding UTF-8
2023-02-22 19:29:01,442 INFO o.a.j.s.SaveService: Using SaveService properties version 5.0
2023-02-22 19:29:01,457 INFO o.a.j.s.SaveService: Loading file: C:\Users\pooja\Downloads\apache-jmeter-5.5\apache-jmeter-5.5\bin\api.jmx
2023-02-22 19:29:02,455 INFO o.a.j.p.h.s.HTTPSamplerBase: Parser for text/html is org.apache.jmeter.protocol.http.parser.LagartoBasedHtmlParser
2023-02-22 19:29:02,455 INFO o.a.j.p.h.s.HTTPSamplerBase: Parser for application/xhtml+xml is org.apache.jmeter.protocol.http.parser.LagartoBasedHtmlParser
2023-02-22 19:29:02,455 INFO o.a.j.p.h.s.HTTPSamplerBase: Parser for application/xml is org.apache.jmeter.protocol.http.parser.LagartoBasedHtmlParser
2023-02-22 19:29:02,455 INFO o.a.j.p.h.s.HTTPSamplerBase: Parser for text/xml is org.apache.jmeter.protocol.http.parser.LagartoBasedHtmlParser
2023-02-22 19:29:02,455 INFO o.a.j.p.h.s.HTTPSamplerBase: Parser for text/vnd.wap.wml is org.apache.jmeter.protocol.http.parser.RegexpHTMLParser
2023-02-22 19:29:02,455 INFO o.a.j.p.h.s.HTTPSamplerBase: Parser for text/css is org.apache.jmeter.protocol.http.parser.CssParser
2023-02-22 19:29:04,143 INFO o.a.j.s.SampleResult: Note: Sample TimeStamps are START times
2023-02-22 19:29:04,143 INFO o.a.j.s.SampleResult: sampleresult.default.encoding is set to ISO-8859-1
2023-02-22 19:29:04,143 INFO o.a.j.s.SampleResult: sampleresult.useNanoTime=true
2023-02-22 19:29:04,143 INFO o.a.j.s.SampleResult: sampleresult.nanoThreadSleep=5000
2023-02-22 19:29:08,005 INFO o.a.j.s.FileServer: Set new base='C:\Users\pooja\Downloads\apache-jmeter-5.5\apache-jmeter-5.5\bin'
2023-02-22 19:29:28,262 INFO o.a.j.e.StandardJMeterEngine: Running the test!
2023-02-22 19:29:28,262 INFO o.a.j.s.SampleEvent: List of sample_variables: []
2023-02-22 19:29:28,262 INFO o.a.j.s.SampleEvent: List of sample_variables: []
2023-02-22 19:29:28,262 INFO o.a.j.e.u.CompoundVariable: Note: Function class names must contain the string: '.functions.'
2023-02-22 19:29:28,262 INFO o.a.j.e.u.CompoundVariable: Note: Function class names must not contain the string: '.gui.'
2023-02-22 19:29:31,937 INFO o.a.j.g.u.JMeterMenuBar: setRunning(true, *local*)
2023-02-22 19:29:32,675 INFO o.a.j.e.StandardJMeterEngine: Starting ThreadGroup: 1 : Thread Group
2023-02-22 19:29:32,675 INFO o.a.j.e.StandardJMeterEngine: Starting 1 threads for group Thread Group.
2023-02-22 19:29:32,675 INFO o.a.j.e.StandardJMeterEngine: Thread will continue on error
2023-02-22 19:29:32,675 INFO o.a.j.t.ThreadGroup: Starting thread group... number=1 threads=1 ramp-up=1 delayedStart=false
2023-02-22 19:29:32,690 INFO o.a.j.t.ThreadGroup: Started thread group number 1
2023-02-22 19:29:32,690 INFO o.a.j.e.StandardJMeterEngine: All thread groups have been started
2023-02-22 19:29:32,697 INFO o.a.j.t.JMeterThread: Thread started: Thread Group 1-1
2023-02-22 19:29:32,911 INFO o.a.j.p.h.s.HTTPHCAbstractImpl: Local host = LAPTOP-HO82ILSL
2023-02-22 19:29:33,084 INFO o.a.j.p.h.s.HTTPHC4Impl: HTTP request retry count = 0
2023-02-22 19:29:34,743 INFO o.a.j.p.h.s.h.LazyLayeredConnectionSocketFactory: Setting up HTTPS TrustAll Socket Factory
2023-02-22 19:29:34,949 INFO o.a.j.u.JsseSSLManager: Using default SSL protocol: TLS
2023-02-22 19:29:34,949 INFO o.a.j.u.JsseSSLManager: SSL session context: per-thread
2023-02-22 19:29:35,073 INFO o.a.j.u.SSLManager: JmeterKeyStore Location:  type JKS
2023-02-22 19:29:35,073 INFO o.a.j.u.SSLManager: KeyStore created OK
2023-02-22 19:29:35,073 WARN o.a.j.u.SSLManager: Keystore file not found, loading empty keystore
2023-02-22 19:29:35,658 INFO o.a.j.t.JMeterThread: Thread is done: Thread Group 1-1
2023-02-22 19:29:35,658 INFO o.a.j.t.JMeterThread: Thread finished: Thread Group 1-1
2023-02-22 19:29:35,658 INFO o.a.j.e.StandardJMeterEngine: Notifying test listeners of end of test
2023-02-22 19:29:35,658 INFO o.a.j.g.u.JMeterMenuBar: setRunning(false, *local*)
